<?xml version="1.0" encoding="UTF-8"?>
<testsuite xmlns:xsi="http://www.w3.org/2001/XMLSchema-instance" xsi:noNamespaceSchemaLocation="https://maven.apache.org/surefire/maven-surefire-plugin/xsd/surefire-test-report.xsd" name="edu.matc.entity.BookTest" time="0.5" tests="4" errors="0" skipped="0" failures="0">
  <properties>
[...]
</properties>
  <testcase name="bookValidation" classname="edu.matc.entity.BookTest" time="0.118"/>
  <testcase name="nameIsNotEmpty" classname="edu.matc.entity.BookTest" time="0"/>
  <testcase name="titleNameTooShort" classname="edu.matc.entity.BookTest" time="0.001"/>
  <testcase name="bookCountLow" classname="edu.matc.entity.BookTest" time="0.001"/>
</testsuite>